# JRE version: Java(TM) SE Runtime Environment (8.0_361) (build 1.8.0_361-b09)
# Java VM: Java HotSpot(TM) 64-Bit Server VM (25.361-b09 mixed mode bsd-amd64 compressed oops)
Heap:
 PSYoungGen      total 4739072K, used 3439209K [0x000000066ab00000, 0x000000078fd00000, 0x00000007c0000000)
  eden space 4684288K, 73% used [0x000000066ab00000,0x000000073c0f0378,0x0000000788980000)
  from space 54784K, 16% used [0x000000078bc80000,0x000000078c52a2e0,0x000000078f200000)
  to   space 52224K, 0% used [0x0000000788980000,0x0000000788980000,0x000000078bc80000)
 ParOldGen       total 274944K, used 185145K [0x00000003c0000000, 0x00000003d0c80000, 0x000000066ab00000)
  object space 274944K, 67% used [0x00000003c0000000,0x00000003cb4ce620,0x00000003d0c80000)
 Metaspace       used 147025K, capacity 164061K, committed 165760K, reserved 1193984K
  class space    used 19969K, capacity 21472K, committed 21888K, reserved 1048576K
GC Heap History (10 events):
Event: 194.589 GC heap before
{Heap before GC invocations=26 (full 6):
 PSYoungGen      total 2981376K, used 7552K [0x000000066ab00000, 0x0000000724d00000, 0x00000007c0000000)
  eden space 2917376K, 0% used [0x000000066ab00000,0x000000066ab00000,0x000000071cc00000)
  from space 64000K, 11% used [0x0000000720880000,0x0000000720fe0100,0x0000000724700000)
  to   space 61952K, 0% used [0x000000071cc00000,0x000000071cc00000,0x0000000720880000)
 ParOldGen       total 201216K, used 170857K [0x00000003c0000000, 0x00000003cc480000, 0x000000066ab00000)
  object space 201216K, 84% used [0x00000003c0000000,0x00000003ca6da710,0x00000003cc480000)
 Metaspace       used 145848K, capacity 162785K, committed 164736K, reserved 1191936K
  class space    used 19845K, capacity 21363K, committed 21888K, reserved 1048576K
Event: 194.980 GC heap after
Heap after GC invocations=26 (full 6):
 PSYoungGen      total 2981376K, used 0K [0x000000066ab00000, 0x0000000724d00000, 0x00000007c0000000)
  eden space 2917376K, 0% used [0x000000066ab00000,0x000000066ab00000,0x000000071cc00000)
  from space 64000K, 0% used [0x0000000720880000,0x0000000720880000,0x0000000724700000)
  to   space 61952K, 0% used [0x000000071cc00000,0x000000071cc00000,0x0000000720880000)
 ParOldGen       total 274944K, used 167123K [0x00000003c0000000, 0x00000003d0c80000, 0x000000066ab00000)
  object space 274944K, 60% used [0x00000003c0000000,0x00000003ca334cc0,0x00000003d0c80000)
 Metaspace       used 145809K, capacity 162683K, committed 164736K, reserved 1191936K
  class space    used 19834K, capacity 21342K, committed 21888K, reserved 1048576K
}
Event: 197.281 GC heap before
{Heap before GC invocations=27 (full 6):
 PSYoungGen      total 2981376K, used 2917376K [0x000000066ab00000, 0x0000000724d00000, 0x00000007c0000000)
  eden space 2917376K, 100% used [0x000000066ab00000,0x000000071cc00000,0x000000071cc00000)
  from space 64000K, 0% used [0x0000000720880000,0x0000000720880000,0x0000000724700000)
  to   space 61952K, 0% used [0x000000071cc00000,0x000000071cc00000,0x0000000720880000)
 ParOldGen       total 274944K, used 167123K [0x00000003c0000000, 0x00000003d0c80000, 0x000000066ab00000)
  object space 274944K, 60% used [0x00000003c0000000,0x00000003ca334cc0,0x00000003d0c80000)
 Metaspace       used 145815K, capacity 162683K, committed 164736K, reserved 1191936K
  class space    used 19834K, capacity 21342K, committed 21888K, reserved 1048576K
Event: 197.325 GC heap after
Heap after GC invocations=27 (full 6):
 PSYoungGen      total 2979328K, used 7579K [0x000000066ab00000, 0x0000000752d00000, 0x00000007c0000000)
  eden space 2917376K, 0% used [0x000000066ab00000,0x000000066ab00000,0x000000071cc00000)
  from space 61952K, 12% used [0x000000071cc00000,0x000000071d366e90,0x0000000720880000)
  to   space 59904K, 0% used [0x000000074f280000,0x000000074f280000,0x0000000752d00000)
 ParOldGen       total 274944K, used 167131K [0x00000003c0000000, 0x00000003d0c80000, 0x000000066ab00000)
  object space 274944K, 60% used [0x00000003c0000000,0x00000003ca336cc0,0x00000003d0c80000)
 Metaspace       used 145815K, capacity 162683K, committed 164736K, reserved 1191936K
  class space    used 19834K, capacity 21342K, committed 21888K, reserved 1048576K
}
Event: 199.300 GC heap before
{Heap before GC invocations=28 (full 6):
 PSYoungGen      total 2979328K, used 2924955K [0x000000066ab00000, 0x0000000752d00000, 0x00000007c0000000)
  eden space 2917376K, 100% used [0x000000066ab00000,0x000000071cc00000,0x000000071cc00000)
  from space 61952K, 12% used [0x000000071cc00000,0x000000071d366e90,0x0000000720880000)
  to   space 59904K, 0% used [0x000000074f280000,0x000000074f280000,0x0000000752d00000)
 ParOldGen       total 274944K, used 167131K [0x00000003c0000000, 0x00000003d0c80000, 0x000000066ab00000)
  object space 274944K, 60% used [0x00000003c0000000,0x00000003ca336cc0,0x00000003d0c80000)
 Metaspace       used 145818K, capacity 162683K, committed 164736K, reserved 1191936K
  class space    used 19834K, capacity 21342K, committed 21888K, reserved 1048576K
Event: 199.362 GC heap after
Heap after GC invocations=28 (full 6):
 PSYoungGen      total 3746304K, used 11421K [0x000000066ab00000, 0x0000000753c80000, 0x00000007c0000000)
  eden space 3686400K, 0% used [0x000000066ab00000,0x000000066ab00000,0x000000074bb00000)
  from space 59904K, 19% used [0x000000074f280000,0x000000074fda7748,0x0000000752d00000)
  to   space 56832K, 0% used [0x000000074bb00000,0x000000074bb00000,0x000000074f280000)
 ParOldGen       total 274944K, used 172249K [0x00000003c0000000, 0x00000003d0c80000, 0x000000066ab00000)
  object space 274944K, 62% used [0x00000003c0000000,0x00000003ca836670,0x00000003d0c80000)
 Metaspace       used 145818K, capacity 162683K, committed 164736K, reserved 1191936K
  class space    used 19834K, capacity 21342K, committed 21888K, reserved 1048576K
}
Event: 201.936 GC heap before
{Heap before GC invocations=29 (full 6):
 PSYoungGen      total 3746304K, used 3697821K [0x000000066ab00000, 0x0000000753c80000, 0x00000007c0000000)
  eden space 3686400K, 100% used [0x000000066ab00000,0x000000074bb00000,0x000000074bb00000)
  from space 59904K, 19% used [0x000000074f280000,0x000000074fda7748,0x0000000752d00000)
  to   space 56832K, 0% used [0x000000074bb00000,0x000000074bb00000,0x000000074f280000)
 ParOldGen       total 274944K, used 172249K [0x00000003c0000000, 0x00000003d0c80000, 0x000000066ab00000)
  object space 274944K, 62% used [0x00000003c0000000,0x00000003ca836670,0x00000003d0c80000)
 Metaspace       used 145821K, capacity 162687K, committed 164736K, reserved 1191936K
  class space    used 19834K, capacity 21342K, committed 21888K, reserved 1048576K
Event: 202.002 GC heap after
Heap after GC invocations=29 (full 6):
 PSYoungGen      total 3743232K, used 7528K [0x000000066ab00000, 0x000000078f200000, 0x00000007c0000000)
  eden space 3686400K, 0% used [0x000000066ab00000,0x000000066ab00000,0x000000074bb00000)
  from space 56832K, 13% used [0x000000074bb00000,0x000000074c25a1a0,0x000000074f280000)
  to   space 54784K, 0% used [0x000000078bc80000,0x000000078bc80000,0x000000078f200000)
 ParOldGen       total 274944K, used 180753K [0x00000003c0000000, 0x00000003d0c80000, 0x000000066ab00000)
  object space 274944K, 65% used [0x00000003c0000000,0x00000003cb084470,0x00000003d0c80000)
 Metaspace       used 145821K, capacity 162687K, committed 164736K, reserved 1191936K
  class space    used 19834K, capacity 21342K, committed 21888K, reserved 1048576K
}
Event: 204.464 GC heap before
{Heap before GC invocations=30 (full 6):
 PSYoungGen      total 3743232K, used 3693928K [0x000000066ab00000, 0x000000078f200000, 0x00000007c0000000)
  eden space 3686400K, 100% used [0x000000066ab00000,0x000000074bb00000,0x000000074bb00000)
  from space 56832K, 13% used [0x000000074bb00000,0x000000074c25a1a0,0x000000074f280000)
  to   space 54784K, 0% used [0x000000078bc80000,0x000000078bc80000,0x000000078f200000)
 ParOldGen       total 274944K, used 180753K [0x00000003c0000000, 0x00000003d0c80000, 0x000000066ab00000)
  object space 274944K, 65% used [0x00000003c0000000,0x00000003cb084470,0x00000003d0c80000)
 Metaspace       used 145823K, capacity 162687K, committed 164736K, reserved 1191936K
  class space    used 19834K, capacity 21342K, committed 21888K, reserved 1048576K
Event: 204.539 GC heap after
Heap after GC invocations=30 (full 6):
 PSYoungGen      total 4739072K, used 8872K [0x000000066ab00000, 0x000000078fd00000, 0x00000007c0000000)
  eden space 4684288K, 0% used [0x000000066ab00000,0x000000066ab00000,0x0000000788980000)
  from space 54784K, 16% used [0x000000078bc80000,0x000000078c52a2e0,0x000000078f200000)
  to   space 52224K, 0% used [0x0000000788980000,0x0000000788980000,0x000000078bc80000)
 ParOldGen       total 274944K, used 185145K [0x00000003c0000000, 0x00000003d0c80000, 0x000000066ab00000)
  object space 274944K, 67% used [0x00000003c0000000,0x00000003cb4ce620,0x00000003d0c80000)
 Metaspace       used 145823K, capacity 162687K, committed 164736K, reserved 1191936K
  class space    used 19834K, capacity 21342K, committed 21888K, reserved 1048576K
}

