# JRE version: Java(TM) SE Runtime Environment (8.0_361) (build 1.8.0_361-b09)
# Java VM: Java HotSpot(TM) 64-Bit Server VM (25.361-b09 mixed mode bsd-amd64 compressed oops)
Heap:
 PSYoungGen      total 4671488K, used 3437559K [0x000000066ab00000, 0x000000078b480000, 0x00000007c0000000)
  eden space 4613632K, 74% used [0x000000066ab00000,0x000000073bed32e0,0x0000000784480000)
  from space 57856K, 16% used [0x0000000787c00000,0x000000078852aa78,0x000000078b480000)
  to   space 56832K, 0% used [0x0000000784480000,0x0000000784480000,0x0000000787c00000)
 ParOldGen       total 272896K, used 188656K [0x00000003c0000000, 0x00000003d0a80000, 0x000000066ab00000)
  object space 272896K, 69% used [0x00000003c0000000,0x00000003cb83c338,0x00000003d0a80000)
 Metaspace       used 146829K, capacity 163800K, committed 167040K, reserved 1193984K
  class space    used 19962K, capacity 21461K, committed 22144K, reserved 1048576K
GC Heap History (10 events):
Event: 111.302 GC heap before
{Heap before GC invocations=26 (full 6):
 PSYoungGen      total 2307072K, used 2242052K [0x000000066ab00000, 0x0000000720a00000, 0x00000007c0000000)
  eden space 2232832K, 100% used [0x000000066ab00000,0x00000006f2f80000,0x00000006f2f80000)
  from space 74240K, 12% used [0x00000006f2f80000,0x00000006f3881388,0x00000006f7800000)
  to   space 71680K, 0% used [0x000000071c400000,0x000000071c400000,0x0000000720a00000)
 ParOldGen       total 272896K, used 159466K [0x00000003c0000000, 0x00000003d0a80000, 0x000000066ab00000)
  object space 272896K, 58% used [0x00000003c0000000,0x00000003c9bba8f8,0x00000003d0a80000)
 Metaspace       used 145639K, capacity 162390K, committed 165888K, reserved 1193984K
  class space    used 19823K, capacity 21299K, committed 22016K, reserved 1048576K
Event: 111.363 GC heap after
Heap after GC invocations=26 (full 6):
 PSYoungGen      total 2911232K, used 7887K [0x000000066ab00000, 0x0000000720900000, 0x00000007c0000000)
  eden space 2840576K, 0% used [0x000000066ab00000,0x000000066ab00000,0x0000000718100000)
  from space 70656K, 11% used [0x000000071c400000,0x000000071cbb3cc0,0x0000000720900000)
  to   space 68608K, 0% used [0x0000000718100000,0x0000000718100000,0x000000071c400000)
 ParOldGen       total 272896K, used 165709K [0x00000003c0000000, 0x00000003d0a80000, 0x000000066ab00000)
  object space 272896K, 60% used [0x00000003c0000000,0x00000003ca1d34b8,0x00000003d0a80000)
 Metaspace       used 145639K, capacity 162390K, committed 165888K, reserved 1193984K
  class space    used 19823K, capacity 21299K, committed 22016K, reserved 1048576K
}
Event: 113.750 GC heap before
{Heap before GC invocations=27 (full 6):
 PSYoungGen      total 2911232K, used 2848463K [0x000000066ab00000, 0x0000000720900000, 0x00000007c0000000)
  eden space 2840576K, 100% used [0x000000066ab00000,0x0000000718100000,0x0000000718100000)
  from space 70656K, 11% used [0x000000071c400000,0x000000071cbb3cc0,0x0000000720900000)
  to   space 68608K, 0% used [0x0000000718100000,0x0000000718100000,0x000000071c400000)
 ParOldGen       total 272896K, used 165709K [0x00000003c0000000, 0x00000003d0a80000, 0x000000066ab00000)
  object space 272896K, 60% used [0x00000003c0000000,0x00000003ca1d34b8,0x00000003d0a80000)
 Metaspace       used 145639K, capacity 162390K, committed 165888K, reserved 1193984K
  class space    used 19823K, capacity 21299K, committed 22016K, reserved 1048576K
Event: 113.804 GC heap after
Heap after GC invocations=27 (full 6):
 PSYoungGen      total 2909184K, used 8206K [0x000000066ab00000, 0x000000074f400000, 0x00000007c0000000)
  eden space 2840576K, 0% used [0x000000066ab00000,0x000000066ab00000,0x0000000718100000)
  from space 68608K, 11% used [0x0000000718100000,0x0000000718903bd0,0x000000071c400000)
  to   space 66048K, 0% used [0x000000074b380000,0x000000074b380000,0x000000074f400000)
 ParOldGen       total 272896K, used 171074K [0x00000003c0000000, 0x00000003d0a80000, 0x000000066ab00000)
  object space 272896K, 62% used [0x00000003c0000000,0x00000003ca7109d8,0x00000003d0a80000)
 Metaspace       used 145639K, capacity 162390K, committed 165888K, reserved 1193984K
  class space    used 19823K, capacity 21299K, committed 22016K, reserved 1048576K
}
Event: 116.033 GC heap before
{Heap before GC invocations=28 (full 6):
 PSYoungGen      total 2909184K, used 2848782K [0x000000066ab00000, 0x000000074f400000, 0x00000007c0000000)
  eden space 2840576K, 100% used [0x000000066ab00000,0x0000000718100000,0x0000000718100000)
  from space 68608K, 11% used [0x0000000718100000,0x0000000718903bd0,0x000000071c400000)
  to   space 66048K, 0% used [0x000000074b380000,0x000000074b380000,0x000000074f400000)
 ParOldGen       total 272896K, used 171074K [0x00000003c0000000, 0x00000003d0a80000, 0x000000066ab00000)
  object space 272896K, 62% used [0x00000003c0000000,0x00000003ca7109d8,0x00000003d0a80000)
 Metaspace       used 145639K, capacity 162390K, committed 165888K, reserved 1193984K
  class space    used 19823K, capacity 21299K, committed 22016K, reserved 1048576K
Event: 116.091 GC heap after
Heap after GC invocations=28 (full 6):
 PSYoungGen      total 3682304K, used 10447K [0x000000066ab00000, 0x000000074f400000, 0x00000007c0000000)
  eden space 3616256K, 0% used [0x000000066ab00000,0x000000066ab00000,0x0000000747680000)
  from space 66048K, 15% used [0x000000074b380000,0x000000074bdb3eb0,0x000000074f400000)
  to   space 62464K, 0% used [0x0000000747680000,0x0000000747680000,0x000000074b380000)
 ParOldGen       total 272896K, used 177088K [0x00000003c0000000, 0x00000003d0a80000, 0x000000066ab00000)
  object space 272896K, 64% used [0x00000003c0000000,0x00000003cacf0118,0x00000003d0a80000)
 Metaspace       used 145639K, capacity 162390K, committed 165888K, reserved 1193984K
  class space    used 19823K, capacity 21299K, committed 22016K, reserved 1048576K
}
Event: 119.111 GC heap before
{Heap before GC invocations=29 (full 6):
 PSYoungGen      total 3682304K, used 3626703K [0x000000066ab00000, 0x000000074f400000, 0x00000007c0000000)
  eden space 3616256K, 100% used [0x000000066ab00000,0x0000000747680000,0x0000000747680000)
  from space 66048K, 15% used [0x000000074b380000,0x000000074bdb3eb0,0x000000074f400000)
  to   space 62464K, 0% used [0x0000000747680000,0x0000000747680000,0x000000074b380000)
 ParOldGen       total 272896K, used 177088K [0x00000003c0000000, 0x00000003d0a80000, 0x000000066ab00000)
  object space 272896K, 64% used [0x00000003c0000000,0x00000003cacf0118,0x00000003d0a80000)
 Metaspace       used 145643K, capacity 162394K, committed 165888K, reserved 1193984K
  class space    used 19823K, capacity 21299K, committed 22016K, reserved 1048576K
Event: 119.187 GC heap after
Heap after GC invocations=29 (full 6):
 PSYoungGen      total 3678720K, used 7464K [0x000000066ab00000, 0x000000078b680000, 0x00000007c0000000)
  eden space 3616256K, 0% used [0x000000066ab00000,0x000000066ab00000,0x0000000747680000)
  from space 62464K, 11% used [0x0000000747680000,0x0000000747dca190,0x000000074b380000)
  to   space 59904K, 0% used [0x0000000787c00000,0x0000000787c00000,0x000000078b680000)
 ParOldGen       total 272896K, used 184456K [0x00000003c0000000, 0x00000003d0a80000, 0x000000066ab00000)
  object space 272896K, 67% used [0x00000003c0000000,0x00000003cb422198,0x00000003d0a80000)
 Metaspace       used 145643K, capacity 162394K, committed 165888K, reserved 1193984K
  class space    used 19823K, capacity 21299K, committed 22016K, reserved 1048576K
}
Event: 122.163 GC heap before
{Heap before GC invocations=30 (full 6):
 PSYoungGen      total 3678720K, used 3623720K [0x000000066ab00000, 0x000000078b680000, 0x00000007c0000000)
  eden space 3616256K, 100% used [0x000000066ab00000,0x0000000747680000,0x0000000747680000)
  from space 62464K, 11% used [0x0000000747680000,0x0000000747dca190,0x000000074b380000)
  to   space 59904K, 0% used [0x0000000787c00000,0x0000000787c00000,0x000000078b680000)
 ParOldGen       total 272896K, used 184456K [0x00000003c0000000, 0x00000003d0a80000, 0x000000066ab00000)
  object space 272896K, 67% used [0x00000003c0000000,0x00000003cb422198,0x00000003d0a80000)
 Metaspace       used 145647K, capacity 162394K, committed 165888K, reserved 1193984K
  class space    used 19823K, capacity 21299K, committed 22016K, reserved 1048576K
Event: 122.240 GC heap after
Heap after GC invocations=30 (full 6):
 PSYoungGen      total 4671488K, used 9386K [0x000000066ab00000, 0x000000078b480000, 0x00000007c0000000)
  eden space 4613632K, 0% used [0x000000066ab00000,0x000000066ab00000,0x0000000784480000)
  from space 57856K, 16% used [0x0000000787c00000,0x000000078852aa78,0x000000078b480000)
  to   space 56832K, 0% used [0x0000000784480000,0x0000000784480000,0x0000000787c00000)
 ParOldGen       total 272896K, used 188656K [0x00000003c0000000, 0x00000003d0a80000, 0x000000066ab00000)
  object space 272896K, 69% used [0x00000003c0000000,0x00000003cb83c338,0x00000003d0a80000)
 Metaspace       used 145647K, capacity 162394K, committed 165888K, reserved 1193984K
  class space    used 19823K, capacity 21299K, committed 22016K, reserved 1048576K
}

