# JRE version: Java(TM) SE Runtime Environment (8.0_361) (build 1.8.0_361-b09)
# Java VM: Java HotSpot(TM) 64-Bit Server VM (25.361-b09 mixed mode bsd-amd64 compressed oops)
Heap:
 PSYoungGen      total 5153792K, used 1172139K [0x000000066ab00000, 0x00000007a9a00000, 0x00000007c0000000)
  eden space 5114880K, 22% used [0x000000066ab00000,0x00000006b1429dc0,0x00000007a2e00000)
  from space 38912K, 40% used [0x00000007a7400000,0x00000007a8381168,0x00000007a9a00000)
  to   space 55296K, 0% used [0x00000007a2e00000,0x00000007a2e00000,0x00000007a6400000)
 ParOldGen       total 276480K, used 188482K [0x00000003c0000000, 0x00000003d0e00000, 0x000000066ab00000)
  object space 276480K, 68% used [0x00000003c0000000,0x00000003cb810a50,0x00000003d0e00000)
 Metaspace       used 146866K, capacity 163840K, committed 167040K, reserved 1193984K
  class space    used 19963K, capacity 21465K, committed 22144K, reserved 1048576K
GC Heap History (10 events):
Event: 126.881 GC heap before
{Heap before GC invocations=26 (full 6):
 PSYoungGen      total 2534912K, used 2471554K [0x000000066ab00000, 0x0000000731a80000, 0x00000007c0000000)
  eden space 2461184K, 100% used [0x000000066ab00000,0x0000000700e80000,0x0000000700e80000)
  from space 73728K, 14% used [0x0000000700e80000,0x00000007018a0ab0,0x0000000705680000)
  to   space 70656K, 0% used [0x000000072d580000,0x000000072d580000,0x0000000731a80000)
 ParOldGen       total 276480K, used 160218K [0x00000003c0000000, 0x00000003d0e00000, 0x000000066ab00000)
  object space 276480K, 57% used [0x00000003c0000000,0x00000003c9c76a50,0x00000003d0e00000)
 Metaspace       used 145568K, capacity 162430K, committed 166016K, reserved 1193984K
  class space    used 19823K, capacity 21303K, committed 22144K, reserved 1048576K
Event: 126.939 GC heap after
Heap after GC invocations=26 (full 6):
 PSYoungGen      total 3191808K, used 7441K [0x000000066ab00000, 0x0000000731c00000, 0x00000007c0000000)
  eden space 3121152K, 0% used [0x000000066ab00000,0x000000066ab00000,0x0000000729300000)
  from space 70656K, 10% used [0x000000072d580000,0x000000072dcc45d8,0x0000000731a80000)
  to   space 68096K, 0% used [0x0000000729300000,0x0000000729300000,0x000000072d580000)
 ParOldGen       total 276480K, used 167770K [0x00000003c0000000, 0x00000003d0e00000, 0x000000066ab00000)
  object space 276480K, 60% used [0x00000003c0000000,0x00000003ca3d69a8,0x00000003d0e00000)
 Metaspace       used 145568K, capacity 162430K, committed 166016K, reserved 1193984K
  class space    used 19823K, capacity 21303K, committed 22144K, reserved 1048576K
}
Event: 129.874 GC heap before
{Heap before GC invocations=27 (full 6):
 PSYoungGen      total 3191808K, used 3128593K [0x000000066ab00000, 0x0000000731c00000, 0x00000007c0000000)
  eden space 3121152K, 100% used [0x000000066ab00000,0x0000000729300000,0x0000000729300000)
  from space 70656K, 10% used [0x000000072d580000,0x000000072dcc45d8,0x0000000731a80000)
  to   space 68096K, 0% used [0x0000000729300000,0x0000000729300000,0x000000072d580000)
 ParOldGen       total 276480K, used 167770K [0x00000003c0000000, 0x00000003d0e00000, 0x000000066ab00000)
  object space 276480K, 60% used [0x00000003c0000000,0x00000003ca3d69a8,0x00000003d0e00000)
 Metaspace       used 145574K, capacity 162434K, committed 166016K, reserved 1193984K
  class space    used 19823K, capacity 21303K, committed 22144K, reserved 1048576K
Event: 129.932 GC heap after
Heap after GC invocations=27 (full 6):
 PSYoungGen      total 3189248K, used 12976K [0x000000066ab00000, 0x0000000763980000, 0x00000007c0000000)
  eden space 3121152K, 0% used [0x000000066ab00000,0x000000066ab00000,0x0000000729300000)
  from space 68096K, 19% used [0x0000000729300000,0x0000000729fac0c0,0x000000072d580000)
  to   space 64512K, 0% used [0x000000075fa80000,0x000000075fa80000,0x0000000763980000)
 ParOldGen       total 276480K, used 171691K [0x00000003c0000000, 0x00000003d0e00000, 0x000000066ab00000)
  object space 276480K, 62% used [0x00000003c0000000,0x00000003ca7aac98,0x00000003d0e00000)
 Metaspace       used 145574K, capacity 162434K, committed 166016K, reserved 1193984K
  class space    used 19823K, capacity 21303K, committed 22144K, reserved 1048576K
}
Event: 132.546 GC heap before
{Heap before GC invocations=28 (full 6):
 PSYoungGen      total 3189248K, used 3134128K [0x000000066ab00000, 0x0000000763980000, 0x00000007c0000000)
  eden space 3121152K, 100% used [0x000000066ab00000,0x0000000729300000,0x0000000729300000)
  from space 68096K, 19% used [0x0000000729300000,0x0000000729fac0c0,0x000000072d580000)
  to   space 64512K, 0% used [0x000000075fa80000,0x000000075fa80000,0x0000000763980000)
 ParOldGen       total 276480K, used 171691K [0x00000003c0000000, 0x00000003d0e00000, 0x000000066ab00000)
  object space 276480K, 62% used [0x00000003c0000000,0x00000003ca7aac98,0x00000003d0e00000)
 Metaspace       used 145575K, capacity 162434K, committed 166016K, reserved 1193984K
  class space    used 19823K, capacity 21303K, committed 22144K, reserved 1048576K
Event: 132.609 GC heap after
Heap after GC invocations=28 (full 6):
 PSYoungGen      total 4011520K, used 6180K [0x000000066ab00000, 0x0000000763680000, 0x00000007c0000000)
  eden space 3950080K, 0% used [0x000000066ab00000,0x000000066ab00000,0x000000075bc80000)
  from space 61440K, 10% used [0x000000075fa80000,0x00000007600891e8,0x0000000763680000)
  to   space 62464K, 0% used [0x000000075bc80000,0x000000075bc80000,0x000000075f980000)
 ParOldGen       total 276480K, used 181440K [0x00000003c0000000, 0x00000003d0e00000, 0x000000066ab00000)
  object space 276480K, 65% used [0x00000003c0000000,0x00000003cb130338,0x00000003d0e00000)
 Metaspace       used 145575K, capacity 162434K, committed 166016K, reserved 1193984K
  class space    used 19823K, capacity 21303K, committed 22144K, reserved 1048576K
}
Event: 135.884 GC heap before
{Heap before GC invocations=29 (full 6):
 PSYoungGen      total 4011520K, used 3956260K [0x000000066ab00000, 0x0000000763680000, 0x00000007c0000000)
  eden space 3950080K, 100% used [0x000000066ab00000,0x000000075bc80000,0x000000075bc80000)
  from space 61440K, 10% used [0x000000075fa80000,0x00000007600891e8,0x0000000763680000)
  to   space 62464K, 0% used [0x000000075bc80000,0x000000075bc80000,0x000000075f980000)
 ParOldGen       total 276480K, used 181440K [0x00000003c0000000, 0x00000003d0e00000, 0x000000066ab00000)
  object space 276480K, 65% used [0x00000003c0000000,0x00000003cb130338,0x00000003d0e00000)
 Metaspace       used 145576K, capacity 162434K, committed 166016K, reserved 1193984K
  class space    used 19823K, capacity 21303K, committed 22144K, reserved 1048576K
Event: 136.121 GC heap after
Heap after GC invocations=29 (full 6):
 PSYoungGen      total 4012544K, used 7537K [0x000000066ab00000, 0x00000007aae00000, 0x00000007c0000000)
  eden space 3950080K, 0% used [0x000000066ab00000,0x000000066ab00000,0x000000075bc80000)
  from space 62464K, 12% used [0x000000075bc80000,0x000000075c3dc640,0x000000075f980000)
  to   space 59392K, 0% used [0x00000007a7400000,0x00000007a7400000,0x00000007aae00000)
 ParOldGen       total 276480K, used 184645K [0x00000003c0000000, 0x00000003d0e00000, 0x000000066ab00000)
  object space 276480K, 66% used [0x00000003c0000000,0x00000003cb4515e0,0x00000003d0e00000)
 Metaspace       used 145576K, capacity 162434K, committed 166016K, reserved 1193984K
  class space    used 19823K, capacity 21303K, committed 22144K, reserved 1048576K
}
Event: 142.709 GC heap before
{Heap before GC invocations=30 (full 6):
 PSYoungGen      total 4012544K, used 3957617K [0x000000066ab00000, 0x00000007aae00000, 0x00000007c0000000)
  eden space 3950080K, 100% used [0x000000066ab00000,0x000000075bc80000,0x000000075bc80000)
  from space 62464K, 12% used [0x000000075bc80000,0x000000075c3dc640,0x000000075f980000)
  to   space 59392K, 0% used [0x00000007a7400000,0x00000007a7400000,0x00000007aae00000)
 ParOldGen       total 276480K, used 184645K [0x00000003c0000000, 0x00000003d0e00000, 0x000000066ab00000)
  object space 276480K, 66% used [0x00000003c0000000,0x00000003cb4515e0,0x00000003d0e00000)
 Metaspace       used 145606K, capacity 162466K, committed 166016K, reserved 1193984K
  class space    used 19827K, capacity 21335K, committed 22144K, reserved 1048576K
Event: 142.903 GC heap after
Heap after GC invocations=30 (full 6):
 PSYoungGen      total 5153792K, used 15876K [0x000000066ab00000, 0x00000007a9a00000, 0x00000007c0000000)
  eden space 5114880K, 0% used [0x000000066ab00000,0x000000066ab00000,0x00000007a2e00000)
  from space 38912K, 40% used [0x00000007a7400000,0x00000007a8381168,0x00000007a9a00000)
  to   space 55296K, 0% used [0x00000007a2e00000,0x00000007a2e00000,0x00000007a6400000)
 ParOldGen       total 276480K, used 188482K [0x00000003c0000000, 0x00000003d0e00000, 0x000000066ab00000)
  object space 276480K, 68% used [0x00000003c0000000,0x00000003cb810a50,0x00000003d0e00000)
 Metaspace       used 145606K, capacity 162466K, committed 166016K, reserved 1193984K
  class space    used 19827K, capacity 21335K, committed 22144K, reserved 1048576K
}

