# JRE version: Java(TM) SE Runtime Environment (8.0_361) (build 1.8.0_361-b09)
# Java VM: Java HotSpot(TM) 64-Bit Server VM (25.361-b09 mixed mode bsd-amd64 compressed oops)
Heap:
 PSYoungGen      total 3357184K, used 1747736K [0x000000066ab00000, 0x000000074cb80000, 0x00000007c0000000)
  eden space 3299840K, 51% used [0x000000066ab00000,0x00000006d3271638,0x0000000734180000)
  from space 57344K, 63% used [0x0000000734180000,0x00000007364d4a78,0x0000000737980000)
  to   space 59392K, 0% used [0x0000000749180000,0x0000000749180000,0x000000074cb80000)
 ParOldGen       total 298496K, used 167345K [0x00000003c0000000, 0x00000003d2380000, 0x000000066ab00000)
  object space 298496K, 56% used [0x00000003c0000000,0x00000003ca36c6b8,0x00000003d2380000)
 Metaspace       used 143993K, capacity 160940K, committed 163584K, reserved 1191936K
  class space    used 19635K, capacity 21153K, committed 21760K, reserved 1048576K
GC Heap History (10 events):
Event: 172.818 GC heap before
{Heap before GC invocations=27 (full 6):
 PSYoungGen      total 2676224K, used 2635565K [0x000000066ab00000, 0x0000000712d80000, 0x00000007c0000000)
  eden space 2620928K, 100% used [0x000000066ab00000,0x000000070aa80000,0x000000070aa80000)
  from space 55296K, 26% used [0x000000070f780000,0x00000007105cb660,0x0000000712d80000)
  to   space 67072K, 0% used [0x000000070aa80000,0x000000070aa80000,0x000000070ec00000)
 ParOldGen       total 298496K, used 167329K [0x00000003c0000000, 0x00000003d2380000, 0x000000066ab00000)
  object space 298496K, 56% used [0x00000003c0000000,0x00000003ca3686b8,0x00000003d2380000)
 Metaspace       used 142790K, capacity 159512K, committed 162432K, reserved 1189888K
  class space    used 19500K, capacity 20990K, committed 21632K, reserved 1048576K
Event: 172.875 GC heap after
Heap after GC invocations=27 (full 6):
 PSYoungGen      total 2688000K, used 17957K [0x000000066ab00000, 0x0000000726a00000, 0x00000007c0000000)
  eden space 2620928K, 0% used [0x000000066ab00000,0x000000066ab00000,0x000000070aa80000)
  from space 67072K, 26% used [0x000000070aa80000,0x000000070bc09718,0x000000070ec00000)
  to   space 62976K, 0% used [0x0000000722c80000,0x0000000722c80000,0x0000000726a00000)
 ParOldGen       total 298496K, used 167329K [0x00000003c0000000, 0x00000003d2380000, 0x000000066ab00000)
  object space 298496K, 56% used [0x00000003c0000000,0x00000003ca3686b8,0x00000003d2380000)
 Metaspace       used 142790K, capacity 159512K, committed 162432K, reserved 1189888K
  class space    used 19500K, capacity 20990K, committed 21632K, reserved 1048576K
}
Event: 175.583 GC heap before
{Heap before GC invocations=28 (full 6):
 PSYoungGen      total 2688000K, used 2638885K [0x000000066ab00000, 0x0000000726a00000, 0x00000007c0000000)
  eden space 2620928K, 100% used [0x000000066ab00000,0x000000070aa80000,0x000000070aa80000)
  from space 67072K, 26% used [0x000000070aa80000,0x000000070bc09718,0x000000070ec00000)
  to   space 62976K, 0% used [0x0000000722c80000,0x0000000722c80000,0x0000000726a00000)
 ParOldGen       total 298496K, used 167329K [0x00000003c0000000, 0x00000003d2380000, 0x000000066ab00000)
  object space 298496K, 56% used [0x00000003c0000000,0x00000003ca3686b8,0x00000003d2380000)
 Metaspace       used 142791K, capacity 159512K, committed 162432K, reserved 1189888K
  class space    used 19500K, capacity 20990K, committed 21632K, reserved 1048576K
Event: 175.649 GC heap after
Heap after GC invocations=28 (full 6):
 PSYoungGen      total 2992640K, used 23658K [0x000000066ab00000, 0x0000000725b80000, 0x00000007c0000000)
  eden space 2944512K, 0% used [0x000000066ab00000,0x000000066ab00000,0x000000071e680000)
  from space 48128K, 49% used [0x0000000722c80000,0x000000072439aae8,0x0000000725b80000)
  to   space 59904K, 0% used [0x000000071e680000,0x000000071e680000,0x0000000722100000)
 ParOldGen       total 298496K, used 167337K [0x00000003c0000000, 0x00000003d2380000, 0x000000066ab00000)
  object space 298496K, 56% used [0x00000003c0000000,0x00000003ca36a6b8,0x00000003d2380000)
 Metaspace       used 142791K, capacity 159512K, committed 162432K, reserved 1189888K
  class space    used 19500K, capacity 20990K, committed 21632K, reserved 1048576K
}
Event: 177.868 GC heap before
{Heap before GC invocations=29 (full 6):
 PSYoungGen      total 2992640K, used 2968170K [0x000000066ab00000, 0x0000000725b80000, 0x00000007c0000000)
  eden space 2944512K, 100% used [0x000000066ab00000,0x000000071e680000,0x000000071e680000)
  from space 48128K, 49% used [0x0000000722c80000,0x000000072439aae8,0x0000000725b80000)
  to   space 59904K, 0% used [0x000000071e680000,0x000000071e680000,0x0000000722100000)
 ParOldGen       total 298496K, used 167337K [0x00000003c0000000, 0x00000003d2380000, 0x000000066ab00000)
  object space 298496K, 56% used [0x00000003c0000000,0x00000003ca36a6b8,0x00000003d2380000)
 Metaspace       used 142791K, capacity 159512K, committed 162432K, reserved 1189888K
  class space    used 19500K, capacity 20990K, committed 21632K, reserved 1048576K
Event: 177.927 GC heap after
Heap after GC invocations=29 (full 6):
 PSYoungGen      total 3004416K, used 26313K [0x000000066ab00000, 0x000000073b880000, 0x00000007c0000000)
  eden space 2944512K, 0% used [0x000000066ab00000,0x000000066ab00000,0x000000071e680000)
  from space 59904K, 43% used [0x000000071e680000,0x0000000720032578,0x0000000722100000)
  to   space 57856K, 0% used [0x0000000738000000,0x0000000738000000,0x000000073b880000)
 ParOldGen       total 298496K, used 167337K [0x00000003c0000000, 0x00000003d2380000, 0x000000066ab00000)
  object space 298496K, 56% used [0x00000003c0000000,0x00000003ca36a6b8,0x00000003d2380000)
 Metaspace       used 142791K, capacity 159512K, committed 162432K, reserved 1189888K
  class space    used 19500K, capacity 20990K, committed 21632K, reserved 1048576K
}
Event: 180.620 GC heap before
{Heap before GC invocations=30 (full 6):
 PSYoungGen      total 3004416K, used 2970825K [0x000000066ab00000, 0x000000073b880000, 0x00000007c0000000)
  eden space 2944512K, 100% used [0x000000066ab00000,0x000000071e680000,0x000000071e680000)
  from space 59904K, 43% used [0x000000071e680000,0x0000000720032578,0x0000000722100000)
  to   space 57856K, 0% used [0x0000000738000000,0x0000000738000000,0x000000073b880000)
 ParOldGen       total 298496K, used 167337K [0x00000003c0000000, 0x00000003d2380000, 0x000000066ab00000)
  object space 298496K, 56% used [0x00000003c0000000,0x00000003ca36a6b8,0x00000003d2380000)
 Metaspace       used 142791K, capacity 159512K, committed 162432K, reserved 1189888K
  class space    used 19500K, capacity 20990K, committed 21632K, reserved 1048576K
Event: 180.686 GC heap after
Heap after GC invocations=30 (full 6):
 PSYoungGen      total 3350528K, used 29496K [0x000000066ab00000, 0x000000073b180000, 0x00000007c0000000)
  eden space 3299840K, 0% used [0x000000066ab00000,0x000000066ab00000,0x0000000734180000)
  from space 50688K, 58% used [0x0000000738000000,0x0000000739cce2a8,0x000000073b180000)
  to   space 57344K, 0% used [0x0000000734180000,0x0000000734180000,0x0000000737980000)
 ParOldGen       total 298496K, used 167337K [0x00000003c0000000, 0x00000003d2380000, 0x000000066ab00000)
  object space 298496K, 56% used [0x00000003c0000000,0x00000003ca36a6b8,0x00000003d2380000)
 Metaspace       used 142791K, capacity 159512K, committed 162432K, reserved 1189888K
  class space    used 19500K, capacity 20990K, committed 21632K, reserved 1048576K
}
Event: 184.728 GC heap before
{Heap before GC invocations=31 (full 6):
 PSYoungGen      total 3350528K, used 3329336K [0x000000066ab00000, 0x000000073b180000, 0x00000007c0000000)
  eden space 3299840K, 100% used [0x000000066ab00000,0x0000000734180000,0x0000000734180000)
  from space 50688K, 58% used [0x0000000738000000,0x0000000739cce2a8,0x000000073b180000)
  to   space 57344K, 0% used [0x0000000734180000,0x0000000734180000,0x0000000737980000)
 ParOldGen       total 298496K, used 167337K [0x00000003c0000000, 0x00000003d2380000, 0x000000066ab00000)
  object space 298496K, 56% used [0x00000003c0000000,0x00000003ca36a6b8,0x00000003d2380000)
 Metaspace       used 142809K, capacity 159528K, committed 162432K, reserved 1189888K
  class space    used 19500K, capacity 20990K, committed 21632K, reserved 1048576K
Event: 184.807 GC heap after
Heap after GC invocations=31 (full 6):
 PSYoungGen      total 3357184K, used 36178K [0x000000066ab00000, 0x000000074cb80000, 0x00000007c0000000)
  eden space 3299840K, 0% used [0x000000066ab00000,0x000000066ab00000,0x0000000734180000)
  from space 57344K, 63% used [0x0000000734180000,0x00000007364d4a78,0x0000000737980000)
  to   space 59392K, 0% used [0x0000000749180000,0x0000000749180000,0x000000074cb80000)
 ParOldGen       total 298496K, used 167345K [0x00000003c0000000, 0x00000003d2380000, 0x000000066ab00000)
  object space 298496K, 56% used [0x00000003c0000000,0x00000003ca36c6b8,0x00000003d2380000)
 Metaspace       used 142809K, capacity 159528K, committed 162432K, reserved 1189888K
  class space    used 19500K, capacity 20990K, committed 21632K, reserved 1048576K
}

