# JRE version: Java(TM) SE Runtime Environment (8.0_361) (build 1.8.0_361-b09)
# Java VM: Java HotSpot(TM) 64-Bit Server VM (25.361-b09 mixed mode bsd-amd64 compressed oops)
Heap:
 PSYoungGen      total 4953600K, used 1787113K [0x000000066ab00000, 0x000000079d900000, 0x00000007c0000000)
  eden space 4915200K, 36% used [0x000000066ab00000,0x00000006d6e93848,0x0000000796b00000)
  from space 38400K, 36% used [0x000000079b380000,0x000000079c126eb0,0x000000079d900000)
  to   space 56320K, 0% used [0x0000000796b00000,0x0000000796b00000,0x000000079a200000)
 ParOldGen       total 280576K, used 189783K [0x00000003c0000000, 0x00000003d1200000, 0x000000066ab00000)
  object space 280576K, 67% used [0x00000003c0000000,0x00000003cb955c50,0x00000003d1200000)
 Metaspace       used 146849K, capacity 163826K, committed 166784K, reserved 1193984K
  class space    used 19952K, capacity 21464K, committed 22144K, reserved 1048576K
GC Heap History (10 events):
Event: 108.497 GC heap before
{Heap before GC invocations=26 (full 6):
 PSYoungGen      total 2461184K, used 2397139K [0x000000066ab00000, 0x000000072c780000, 0x00000007c0000000)
  eden space 2386432K, 100% used [0x000000066ab00000,0x00000006fc580000,0x00000006fc580000)
  from space 74752K, 14% used [0x00000006fc580000,0x00000006fcff4f70,0x0000000700e80000)
  to   space 71168K, 0% used [0x0000000728200000,0x0000000728200000,0x000000072c780000)
 ParOldGen       total 280576K, used 160732K [0x00000003c0000000, 0x00000003d1200000, 0x000000066ab00000)
  object space 280576K, 57% used [0x00000003c0000000,0x00000003c9cf70e8,0x00000003d1200000)
 Metaspace       used 145624K, capacity 162420K, committed 165888K, reserved 1193984K
  class space    used 19816K, capacity 21302K, committed 22016K, reserved 1048576K
Event: 108.560 GC heap after
Heap after GC invocations=26 (full 6):
 PSYoungGen      total 3106304K, used 7089K [0x000000066ab00000, 0x000000072cb00000, 0x00000007c0000000)
  eden space 3035136K, 0% used [0x000000066ab00000,0x000000066ab00000,0x0000000723f00000)
  from space 71168K, 9% used [0x0000000728200000,0x00000007288ec5f8,0x000000072c780000)
  to   space 68608K, 0% used [0x0000000723f00000,0x0000000723f00000,0x0000000728200000)
 ParOldGen       total 280576K, used 168208K [0x00000003c0000000, 0x00000003d1200000, 0x000000066ab00000)
  object space 280576K, 59% used [0x00000003c0000000,0x00000003ca4442c0,0x00000003d1200000)
 Metaspace       used 145624K, capacity 162420K, committed 165888K, reserved 1193984K
  class space    used 19816K, capacity 21302K, committed 22016K, reserved 1048576K
}
Event: 111.174 GC heap before
{Heap before GC invocations=27 (full 6):
 PSYoungGen      total 3106304K, used 3042225K [0x000000066ab00000, 0x000000072cb00000, 0x00000007c0000000)
  eden space 3035136K, 100% used [0x000000066ab00000,0x0000000723f00000,0x0000000723f00000)
  from space 71168K, 9% used [0x0000000728200000,0x00000007288ec5f8,0x000000072c780000)
  to   space 68608K, 0% used [0x0000000723f00000,0x0000000723f00000,0x0000000728200000)
 ParOldGen       total 280576K, used 168208K [0x00000003c0000000, 0x00000003d1200000, 0x000000066ab00000)
  object space 280576K, 59% used [0x00000003c0000000,0x00000003ca4442c0,0x00000003d1200000)
 Metaspace       used 145624K, capacity 162420K, committed 165888K, reserved 1193984K
  class space    used 19816K, capacity 21302K, committed 22016K, reserved 1048576K
Event: 111.233 GC heap after
Heap after GC invocations=27 (full 6):
 PSYoungGen      total 3103744K, used 9665K [0x000000066ab00000, 0x000000075e500000, 0x00000007c0000000)
  eden space 3035136K, 0% used [0x000000066ab00000,0x000000066ab00000,0x0000000723f00000)
  from space 68608K, 14% used [0x0000000723f00000,0x0000000724870590,0x0000000728200000)
  to   space 65536K, 0% used [0x000000075a500000,0x000000075a500000,0x000000075e500000)
 ParOldGen       total 280576K, used 172161K [0x00000003c0000000, 0x00000003d1200000, 0x000000066ab00000)
  object space 280576K, 61% used [0x00000003c0000000,0x00000003ca8205d0,0x00000003d1200000)
 Metaspace       used 145624K, capacity 162420K, committed 165888K, reserved 1193984K
  class space    used 19816K, capacity 21302K, committed 22016K, reserved 1048576K
}
Event: 113.520 GC heap before
{Heap before GC invocations=28 (full 6):
 PSYoungGen      total 3103744K, used 3044801K [0x000000066ab00000, 0x000000075e500000, 0x00000007c0000000)
  eden space 3035136K, 100% used [0x000000066ab00000,0x0000000723f00000,0x0000000723f00000)
  from space 68608K, 14% used [0x0000000723f00000,0x0000000724870590,0x0000000728200000)
  to   space 65536K, 0% used [0x000000075a500000,0x000000075a500000,0x000000075e500000)
 ParOldGen       total 280576K, used 172161K [0x00000003c0000000, 0x00000003d1200000, 0x000000066ab00000)
  object space 280576K, 61% used [0x00000003c0000000,0x00000003ca8205d0,0x00000003d1200000)
 Metaspace       used 145624K, capacity 162420K, committed 165888K, reserved 1193984K
  class space    used 19816K, capacity 21302K, committed 22016K, reserved 1048576K
Event: 113.601 GC heap after
Heap after GC invocations=28 (full 6):
 PSYoungGen      total 3929088K, used 9199K [0x000000066ab00000, 0x000000075f900000, 0x00000007c0000000)
  eden space 3863552K, 0% used [0x000000066ab00000,0x000000066ab00000,0x0000000756800000)
  from space 65536K, 14% used [0x000000075a500000,0x000000075adfbdc0,0x000000075e500000)
  to   space 62464K, 0% used [0x0000000756800000,0x0000000756800000,0x000000075a500000)
 ParOldGen       total 280576K, used 178786K [0x00000003c0000000, 0x00000003d1200000, 0x000000066ab00000)
  object space 280576K, 63% used [0x00000003c0000000,0x00000003cae98b10,0x00000003d1200000)
 Metaspace       used 145624K, capacity 162420K, committed 165888K, reserved 1193984K
  class space    used 19816K, capacity 21302K, committed 22016K, reserved 1048576K
}
Event: 116.405 GC heap before
{Heap before GC invocations=29 (full 6):
 PSYoungGen      total 3929088K, used 3872751K [0x000000066ab00000, 0x000000075f900000, 0x00000007c0000000)
  eden space 3863552K, 100% used [0x000000066ab00000,0x0000000756800000,0x0000000756800000)
  from space 65536K, 14% used [0x000000075a500000,0x000000075adfbdc0,0x000000075e500000)
  to   space 62464K, 0% used [0x0000000756800000,0x0000000756800000,0x000000075a500000)
 ParOldGen       total 280576K, used 178786K [0x00000003c0000000, 0x00000003d1200000, 0x000000066ab00000)
  object space 280576K, 63% used [0x00000003c0000000,0x00000003cae98b10,0x00000003d1200000)
 Metaspace       used 145626K, capacity 162420K, committed 165888K, reserved 1193984K
  class space    used 19816K, capacity 21302K, committed 22016K, reserved 1048576K
Event: 116.465 GC heap after
Heap after GC invocations=29 (full 6):
 PSYoungGen      total 3926016K, used 8002K [0x000000066ab00000, 0x000000079ee00000, 0x00000007c0000000)
  eden space 3863552K, 0% used [0x000000066ab00000,0x000000066ab00000,0x0000000756800000)
  from space 62464K, 12% used [0x0000000756800000,0x0000000756fd0818,0x000000075a500000)
  to   space 59904K, 0% used [0x000000079b380000,0x000000079b380000,0x000000079ee00000)
 ParOldGen       total 280576K, used 185001K [0x00000003c0000000, 0x00000003d1200000, 0x000000066ab00000)
  object space 280576K, 65% used [0x00000003c0000000,0x00000003cb4aa650,0x00000003d1200000)
 Metaspace       used 145626K, capacity 162420K, committed 165888K, reserved 1193984K
  class space    used 19816K, capacity 21302K, committed 22016K, reserved 1048576K
}
Event: 120.316 GC heap before
{Heap before GC invocations=30 (full 6):
 PSYoungGen      total 3926016K, used 3871554K [0x000000066ab00000, 0x000000079ee00000, 0x00000007c0000000)
  eden space 3863552K, 100% used [0x000000066ab00000,0x0000000756800000,0x0000000756800000)
  from space 62464K, 12% used [0x0000000756800000,0x0000000756fd0818,0x000000075a500000)
  to   space 59904K, 0% used [0x000000079b380000,0x000000079b380000,0x000000079ee00000)
 ParOldGen       total 280576K, used 185001K [0x00000003c0000000, 0x00000003d1200000, 0x000000066ab00000)
  object space 280576K, 65% used [0x00000003c0000000,0x00000003cb4aa650,0x00000003d1200000)
 Metaspace       used 145634K, capacity 162420K, committed 165888K, reserved 1193984K
  class space    used 19816K, capacity 21302K, committed 22016K, reserved 1048576K
Event: 120.397 GC heap after
Heap after GC invocations=30 (full 6):
 PSYoungGen      total 4953600K, used 13979K [0x000000066ab00000, 0x000000079d900000, 0x00000007c0000000)
  eden space 4915200K, 0% used [0x000000066ab00000,0x000000066ab00000,0x0000000796b00000)
  from space 38400K, 36% used [0x000000079b380000,0x000000079c126eb0,0x000000079d900000)
  to   space 56320K, 0% used [0x0000000796b00000,0x0000000796b00000,0x000000079a200000)
 ParOldGen       total 280576K, used 189783K [0x00000003c0000000, 0x00000003d1200000, 0x000000066ab00000)
  object space 280576K, 67% used [0x00000003c0000000,0x00000003cb955c50,0x00000003d1200000)
 Metaspace       used 145634K, capacity 162420K, committed 165888K, reserved 1193984K
  class space    used 19816K, capacity 21302K, committed 22016K, reserved 1048576K
}

